Summer20UL18_TTBar_Hadronic.log /TTToHadronic_TuneCP5_13TeV-powheg-pythia8/crab_crab_L5JERC_TTBar_Hadronic_Summer20UL18_Run7/210721_052230/000 906
Summer20UL18_TTBar_SemiLeptonic.log /TTToSemiLeptonic_TuneCP5_13TeV-powheg-pythia8/crab_crab_L5JERC_TTBar_SemiLeptonic_Summer20UL18_Run7/210721_052259/000 1077
Summer20UL18_TTBar_DiLeptonic.log /TTTo2L2Nu_TuneCP5_13TeV-powheg-pythia8/crab_crab_L5JERC_TTBar_DiLeptonic_Summer20UL18_Run7/210721_052338/000 326
Summer20UL18_DYJetsToLL_M-10to50.log /DYJetsToLL_M-10to50_TuneCP5_13TeV-madgraphMLM-pythia8/crab_crab_L5JERC_DYJetsToLL_M-10to50_Summer20UL18_Run4/210721_175450/000 170
Summer20UL18_DYJetsToLL_M-50_Inclusive.log /DYJetsToLL_M-50_TuneCP5_13TeV-madgraphMLM-pythia8/crab_crab_L5JERC_DYJetsToLL_M-50_Inclusive_Summer20UL18_Run4/210721_175602/000 149
Summer20UL18_DYJetsToLL_M-50_HT-70to100.log /DYJetsToLL_M-50_HT-70to100_TuneCP5_PSweights_13TeV-madgraphMLM-pythia8/crab_crab_L5JERC_DYJetsToLL_M-50_HT-70to100_Summer20UL18_Run4/210721_175715/000 148
Summer20UL18_DYJetsToLL_M-50_HT-100To200.log /DYJetsToLL_M-50_HT-100to200_TuneCP5_PSweights_13TeV-madgraphMLM-pythia8/crab_crab_L5JERC_DYJetsToLL_M-50_HT-100To200_Summer20UL18_Run4/210721_175847/000 174
Summer20UL18_DYJetsToLL_M-50_HT-200To400.log /DYJetsToLL_M-50_HT-200to400_TuneCP5_PSweights_13TeV-madgraphMLM-pythia8/crab_crab_L5JERC_DYJetsToLL_M-50_HT-200To400_Summer20UL18_Run4/210721_180053/000 141
Summer20UL18_DYJetsToLL_M-50_HT-400To600.log /DYJetsToLL_M-50_HT-400to600_TuneCP5_PSweights_13TeV-madgraphMLM-pythia8/crab_crab_L5JERC_DYJetsToLL_M-50_HT-400To600_Summer20UL18_Run4/210721_180210/000 119
Summer20UL18_DYJetsToLL_M-50_HT-600To800.log /DYJetsToLL_M-50_HT-600to800_TuneCP5_PSweights_13TeV-madgraphMLM-pythia8/crab_crab_L5JERC_DYJetsToLL_M-50_HT-600To800_Summer20UL18_Run4/210721_180309/000 87
Summer20UL18_DYJetsToLL_M-50_HT-800To1200.log /DYJetsToLL_M-50_HT-800to1200_TuneCP5_PSweights_13TeV-madgraphMLM-pythia8/crab_crab_L5JERC_DYJetsToLL_M-50_HT-800To1200_Summer20UL18_Run4/210721_180453/000 116
Summer20UL18_DYJetsToLL_M-50_HT-1200To2500.log /DYJetsToLL_M-50_HT-1200to2500_TuneCP5_PSweights_13TeV-madgraphMLM-pythia8/crab_crab_L5JERC_DYJetsToLL_M-50_HT-1200To2500_Summer20UL18_Run4/210721_180615/000 131
Summer20UL18_DYJetsToLL_M-50_HT-2500toInf.log /DYJetsToLL_M-50_HT-2500toInf_TuneCP5_PSweights_13TeV-madgraphMLM-pythia8/crab_crab_L5JERC_DYJetsToLL_M-50_HT-2500toInf_Summer20UL18_Run4/210721_180705/000 90
Summer20UL18_ST_s_lep.log /ST_s-channel_4f_leptonDecays_TuneCP5_13TeV-amcatnlo-pythia8/crab_crab_L5JERC_ST_s_lep_20UL18_Run5s/210721_181155/000 89
Summer20UL18_ST_tW_antitop.log /ST_tW_antitop_5f_NoFullyHadronicDecays_TuneCP5_13TeV-powheg-pythia8/crab_crab_L5JERC_ST_tW_antitop_20UL18_Run3/210721_181555/000 103
Summer20UL18_ST_tW_top.log /ST_tW_top_5f_NoFullyHadronicDecays_TuneCP5_13TeV-powheg-pythia8/crab_crab_L5JERC_ST_tW_top_20UL18_Run3/210721_181645/000 92
Summer19UL18_ST_t4f_antitop.log /ST_t-channel_antitop_4f_InclusiveDecays_TuneCP5_13TeV-powheg-madspin-pythia8/crab_crab_L5JERC_ST_t4f_antitop_19UL18_Run3/210721_181312/000 321
Summer19UL18_ST_t4f_top.log /ST_t-channel_top_4f_InclusiveDecays_TuneCP5_13TeV-powheg-madspin-pythia8/crab_crab_L5JERC_ST_t4f_top_19UL18_Run4/210721_181433/000 1077
Summer20UL18_WW.log /WW_TuneCP5_13TeV-pythia8/crab_crab_L5JERC_WW_20UL18_Run4/210721_180800/000 45
Summer20UL18_WZ.log /WZ_TuneCP5_13TeV-pythia8/crab_crab_L5JERC_WZ_20UL18_Run4/210721_180927/000 34
Summer20UL18_ZZ.log /ZZ_TuneCP5_13TeV-pythia8/crab_crab_L5JERC_ZZ_20UL18_Run4/210721_181044/000 22
Summer20UL18_WJetsToLNu_HT-70to100.log /WJetsToLNu_HT-70To100_TuneCP5_13TeV-madgraphMLM-pythia8/crab_crab_L5JERC_WJetsToLNu_HT-70to100_SummerUL18_Run2/210622_104958/000 179
Summer20UL18_WJetsToLNu_HT-100To200.log /WJetsToLNu_HT-100To200_TuneCP5_13TeV-madgraphMLM-pythia8/crab_crab_L5JERC_WJetsToLNu_HT-100To200_Summer20UL18_Run2/210622_105243/000 295
Summer20UL18_WJetsToLNu_HT-200To400.log /WJetsToLNu_HT-200To400_TuneCP5_13TeV-madgraphMLM-pythia8/crab_crab_L5JERC_WJetsToLNu_HT-200To400_Summer20UL18_Run2/210622_105418/000 269
Summer20UL18_WJetsToLNu_HT-400To600.log /WJetsToLNu_HT-400To600_TuneCP5_13TeV-madgraphMLM-pythia8/crab_crab_L5JERC_WJetsToLNu_HT-400To600_Summer20UL18_Run2/210622_105518/000 77
Summer20UL18_WJetsToLNu_HT-600To800.log /WJetsToLNu_HT-600To800_TuneCP5_13TeV-madgraphMLM-pythia8/crab_crab_L5JERC_WJetsToLNu_HT-600To800_Summer20UL18_Run2/210622_105604/000 88
Summer20UL18_WJetsToLNu_HT-800To1200.log /WJetsToLNu_HT-800To1200_TuneCP5_13TeV-madgraphMLM-pythia8/crab_crab_L5JERC_WJetsToLNu_HT-800To1200_Summer20UL18_Run2/210622_105722/000 120
Summer20UL18_WJetsToLNu_HT-1200To2500.log /WJetsToLNu_HT-1200To2500_TuneCP5_13TeV-madgraphMLM-pythia8/crab_crab_L5JERC_WJetsToLNu_HT-1200To2500_Summer20UL18_Run2/210622_105808/000 101
Autumn18_WJetsToLNu_HT-2500toInf.log /WJetsToLNu_HT-2500ToInf_TuneCP5_13TeV-madgraphMLM-pythia8/crab_crab_L5JERC_WJetsToLNu_HT-2500toInf_Autumn18_Run2/210622_105901/000 15
Summer20UL18_WJetsToLNu_Inclusive.log /WJetsToLNu_TuneCP5_13TeV-madgraphMLM-pythia8/crab_crab_L5JERC_WJetsToLNu_Inclusive_Summer20UL18_Run2/210622_105944/000 208
Summer20UL18_b_enriched_QCD_MG_100to200.log /QCD_bEnriched_HT100to200_TuneCP5_13TeV-madgraph-pythia8/crab_crab_L5JERC_b_enriched_QCD_MG_100to200_20UL18_Run1/210622_205805/000 393
Summer20UL18_b_enriched_QCD_MG_200to300.log /QCD_bEnriched_HT200to300_TuneCP5_13TeV-madgraph-pythia8/crab_crab_L5JERC_b_enriched_QCD_MG_200to300_20UL18_Run1/210622_205911/000 140
Summer20UL18_b_enriched_QCD_MG_300to500.log /QCD_bEnriched_HT300to500_TuneCP5_13TeV-madgraph-pythia8/crab_crab_L5JERC_b_enriched_QCD_MG_300to500_20UL18_run1/210622_210021/000 109
Summer20UL18_b_enriched_QCD_MG_500to700.log /QCD_bEnriched_HT500to700_TuneCP5_13TeV-madgraph-pythia8/crab_crab_L5JERC_b_enriched_QCD_MG_500to700_20UL18_Run1/210622_210133/000 199
Summer20UL18_b_enriched_QCD_MG_700to1000.log /QCD_bEnriched_HT700to1000_TuneCP5_13TeV-madgraph-pythia8/crab_crab_L5JERC_b_enriched_QCD_MG_700to1000_20UL18_Run1/210622_210219/000 50
Summer20UL18_b_enriched_QCD_MG_1000to1500.log /QCD_bEnriched_HT1000to1500_TuneCP5_13TeV-madgraph-pythia8/crab_crab_L5JERC_b_enriched_QCD_MG_1000to1500_20UL18_Run1/210622_210355/000 67
Summer20UL18_b_enriched_QCD_MG_1500to2000.log /QCD_bEnriched_HT1500to2000_TuneCP5_13TeV-madgraph-pythia8/crab_crab_L5JERC_b_enriched_QCD_MG_1500to2000_20UL18_Run1/210622_210429/000 44
Summer20UL18_b_enriched_QCD_MG_2000toInf.log /QCD_bEnriched_HT2000toInf_TuneCP5_13TeV-madgraph-pythia8/crab_crab_L5JERC_b_enriched_QCD_MG_2000toInf_20UL18_Run1/210623_072315/000 61
Summer19UL18_QCD_MG_100to200.log /QCD_HT100to200_TuneCP5_PSWeights_13TeV-madgraphMLM-pythia8/crab_crab_L5JERC_QCD_MG_100to200_CP5_19UL18_Run3/210623_031259/000 674
Summer19UL18_QCD_MG_200to300.log /QCD_HT200to300_TuneCP5_PSWeights_13TeV-madgraphMLM-pythia8/crab_crab_L5JERC_QCD_MG_200to300_CP5_19UL18_Run3/210623_031852/000 83
Summer19UL18_QCD_MG_300to500.log /QCD_HT300to500_TuneCP5_PSWeights_13TeV-madgraphMLM-pythia8/crab_crab_L5JERC_QCD_MG_300to500_CP5_19UL18_Run3/210623_031934/000 130
Summer19UL18_QCD_MG_500to700.log /QCD_HT500to700_TuneCP5_PSWeights_13TeV-madgraphMLM-pythia8/crab_crab_L5JERC_QCD_MG_500to700_CP5_19UL18_Run2/210623_031501/000 656
Summer19UL18_QCD_MG_700to1000.log /QCD_HT700to1000_TuneCP5_PSWeights_13TeV-madgraphMLM-pythia8/crab_crab_L5JERC_QCD_MG_700to1000_CP5_19UL18_Run2/210623_031536/000 553
Summer19UL18_QCD_MG_1000to1500.log /QCD_HT1000to1500_TuneCP5_PSWeights_13TeV-madgraphMLM-pythia8/crab_crab_L5JERC_QCD_MG_1000to1500_CP5_19UL18_Run3/210623_032043/000 46
Summer19UL18_QCD_MG_1500to2000.log /QCD_HT1500to2000_TuneCP5_PSWeights_13TeV-madgraphMLM-pythia8/crab_crab_L5JERC_QCD_MG_1500to2000_CP5_19UL18_Run5/210623_032132/000 28
Summer19UL18_QCD_MG_2000toInf.log /QCD_HT2000toInf_TuneCP5_PSWeights_13TeV-madgraphMLM-pythia8/crab_crab_L5JERC_QCD_MG_2000toInf_CP5_19UL18_Run3/210623_032215/000 18
Summer20UL18_TTGJets.log /TTGJets_TuneCP5_13TeV-amcatnloFXFX-madspin-pythia8/crab_crab_L5JERC_TTGJets_Summer20UL18_Run1/210629_104512/000 69
Summer20UL18_TTZToQQ.log /TTZToQQ_TuneCP5_13TeV-amcatnlo-pythia8/crab_crab_L5JERC_TTZToQQ_Summer20UL18_Run1/210629_104839/000 76
Summer20UL18_TTWJetsToLNu.log /TTWJetsToLNu_TuneCP5_13TeV-amcatnloFXFX-madspin-pythia8/crab_crab_L5JERC_TTWJetsToLNu_Summer20UL18_Run2/210629_110539/000 58
Summer20UL18_TTWJetsToQQ.log /TTWJetsToQQ_TuneCP5_13TeV-amcatnloFXFX-madspin-pythia8/crab_crab_L5JERC_TTWJetsToQQ_Summer20UL18_Run1/210629_104723/000 19
Summer20UL18_TTZToLLNuNu.log /TTZToLLNuNu_M-10_TuneCP5_13TeV-amcatnlo-pythia8/crab_crab_L5JERC_TTZToLLNuNu_M-10_Summer20UL18_Run2/210629_112400/000 81
Summer20UL18_TT_Mtt-700to1000.log /TT_Mtt-700to1000_TuneCP5_13TeV-powheg-pythia8/crab_crab_L5JERC_TTBar_Mtt_700to1000_Summer20UL18_Run2/210629_105449/000 118
Summer20UL18_TT_Mtt-1000toInf.log /TT_Mtt-1000toInf_TuneCP5_13TeV-powheg-pythia8/crab_crab_L5JERC_TTBar_Mtt_1000toInf_20UL18_Run2/210629_105339/000 51
Summer20UL18_JetHT_2018D.log /JetHT/crab_crab_L5JERC_JetHT_2018D_20UL18_JERCL5_Run2/210628_074549/000 8392
Summer20UL18_JetHT_2018C.log /JetHT/crab_crab_L5JERC_JetHT_2018C_20UL18_JERCL5_Run1/210627_173624/000 4366
Summer20UL18_JetHT_2018B.log /JetHT/crab_crab_L5JERC_JetHT_2018B_20UL18_JERCL5_Run1/210627_173559/000 4365
Summer20UL18_JetHT_2018A.log /JetHT/crab_crab_L5JERC_JetHT_2018A_20UL18_JERCL5_Run1/210627_173534/000 9232
Summer20UL18_EGamma_2018D.log /EGamma/crab_crab_L5JERC_EGamma_2018D_20UL18_JERCL5_Run2/210628_074945/000 8385
Summer20UL18_EGamma_2018C.log /EGamma/crab_crab_L5JERC_EGamma_2018C_20UL18_JERCL5_Run1/210627_173429/000 4367
Summer20UL18_EGamma_2018B.log /EGamma/crab_crab_L5JERC_EGamma_2018B_20UL18_JERCL5_Run1/210627_173406/000 4365
Summer20UL18_EGamma_2018A.log /EGamma/crab_crab_L5JERC_EGamma_2018A_20UL18_JERCL5_Run1/210627_173331/000 9234
Summer20UL18_DoubleMuon_2018D.log /DoubleMuon/crab_crab_L5JERC_DoubleMuon_2018D_20UL18_JERCL5_Run3/210628_075300/000 8392
Summer20UL18_DoubleMuon_2018C.log /DoubleMuon/crab_crab_L5JERC_DoubleMuon_2018C_20UL18_JERCL5_Run2/210627_173219/000 4366
Summer20UL18_DoubleMuon_2018B.log /DoubleMuon/crab_crab_L5JERC_DoubleMuon_2018B_20UL18_JERCL5_Run2/210627_173152/000 4365
Summer20UL18_DoubleMuon_2018A.log /DoubleMuon/crab_crab_L5JERC_DoubleMuon_2018A_20UL18_JERCL5_Run1/210627_170054/000 9232
Summer20UL18_MuEG_2018D.log /MuonEG/crab_crab_L5JERC_MuEG_2018D_20UL18_JERCL5_Run4/210627_165246/000 9675
Summer20UL18_MuEG_2018C.log /MuonEG/crab_crab_L5JERC_MuEG_2018C_20UL18_JERCL5_Run5/210627_165214/000 8732
Summer20UL18_MuEG_2018B.log /MuonEG/crab_crab_L5JERC_MuEG_2018B_20UL18_JERCL5_Run5/210627_165139/000 8729
Summer20UL18_MuEG_2018A.log /MuonEG/crab_crab_L5JERC_MuEG_2018A_20UL18_JERCL5_Run6/210627_153716/000 9239
Summer20UL18_Single_Muon_2018D.log /SingleMuon/crab_crab_L5JERC_Single_Muon_2018D_20UL18_JERCL5_Run1/210701_132910/000 8403
Summer20UL18_Single_Muon_2018C.log /SingleMuon/crab_crab_L5JERC_Single_Muon_2018C_20UL18_JERCL5_Run1/210701_132845/000 4361
Summer20UL18_Single_Muon_2018B.log /SingleMuon/crab_crab_L5JERC_Single_Muon_2018B_20UL18_JERCL5_Run1/210701_132816/000 4366
Summer20UL18_Single_Muon_2018A.log /SingleMuon/crab_crab_L5JERC_Single_Muon_2018A_20UL18_JERCL5_Run1/210701_132745/000 9271
